#
# A fatal error has been detected by the Java Runtime Environment:
#
#  SIGSEGV (0xb) at pc=0x0000000129f1e7fb, pid=16436, tid=1811
#
# JRE version: Java(TM) SE Runtime Environment (8.0_05-b13) (build 1.8.0_05-b13)
# Java VM: Java HotSpot(TM) 64-Bit Server VM (25.5-b02 mixed mode bsd-amd64 compressed oops)
# Problematic frame:
# C  [libjfxwebkit.dylib+0x8bf7fb]  Java_com_sun_webkit_dom_EventListenerImpl_twkDispatchEvent+0x500dab
#
# Failed to write core dump. Core dumps have been disabled. To enable core dumping, try "ulimit -c unlimited" before starting Java again
#
# If you would like to submit a bug report, please visit:
#   http://bugreport.sun.com/bugreport/crash.jsp
#

---------------  T H R E A D  ---------------

Current thread is native thread

siginfo:si_signo=SIGSEGV: si_errno=0, si_code=1 (SEGV_MAPERR), si_addr=0x0000000000000000

Registers:
RAX=0x00007fff51786160, RBX=0x00007fa8c89eb908, RCX=0x00007fff51786134, RDX=0x00007fa8c69e2838
RSP=0x00007fff51786080, RBP=0x00007fff51786150, RSI=0x00007fa8c76b5c58, RDI=0x0000000000000000
R8 =0x0000000055870183, R9 =0x00007fa8c6f00000, R10=0x0000000000000020, R11=0x00007fa8c6f00000
R12=0x0000000000000000, R13=0x0000000000449828, R14=0x0000000000000000, R15=0x00007fa8c8a44a90
RIP=0x0000000129f1e7fb, EFLAGS=0x0000000000010246, ERR=0x0000000000000004
  TRAPNO=0x000000000000000e

Top of Stack: (sp=0x00007fff51786080)
0x00007fff51786080:   00007fa8c6e385e0 00007fff5178ffff
0x00007fff51786090:   00007fa8c1070800 00007fff51786134
0x00007fff517860a0:   0000000055870183 00007fa8c6f00000
0x00007fff517860b0:   0000000000000002 000000010e490000
0x00007fff517860c0:   00007fff51786160 00007fff81e9d4ff
0x00007fff517860d0:   00007fff51786100 00007fa8c6c138c0
0x00007fff517860e0:   fffffffe00000002 00007fa8c6c138c0
0x00007fff517860f0:   00007fff51786120 000000010e8a0f51
0x00007fff51786100:   00007fff51786110 0000000000010002
0x00007fff51786110:   00007fff51786168 000000010ed62788
0x00007fff51786120:   00007fff51786150 000000010e89ef5e
0x00007fff51786130:   fffffffec17467d0 0000003000000018
0x00007fff51786140:   00007fff51786160 00007fff51786080
0x00007fff51786150:   00007fff51786190 0000000129f51f83
0x00007fff51786160:   0000000000000000 0000000000000000
0x00007fff51786170:   000000012b1a8840 00007fa8c89eb890
0x00007fff51786180:   0000000000000000 0000000000000000
0x00007fff51786190:   00007fff517861e0 0000000129f2d609
0x00007fff517861a0:   00007fa8c04e5860 0100000000799999
0x00007fff517861b0:   0000000000000001 0000000000799999
0x00007fff517861c0:   00007fa8c8e175f0 000000012b1a8840
0x00007fff517861d0:   00007fa8c04e5840 00007fa8cb25b300
0x00007fff517861e0:   00007fff51786220 0000000129e52237
0x00007fff517861f0:   0000000000000000 41d561c060d40646
0x00007fff51786200:   00007fa8cb25b390 000000012b1a8828
0x00007fff51786210:   0000000000000000 00007fa8cb25b398
0x00007fff51786220:   00007fff51786260 0000000129e5a64f
0x00007fff51786230:   00007fa8cb003500 0000000000000000
0x00007fff51786240:   00007fa8c6f0be00 00007fa8c6f0be00
0x00007fff51786250:   0000000000000810 000000012e2c0000
0x00007fff51786260:   00007fff51786280 0000000129e8ecfa
0x00007fff51786270:   00007fa8c6f0bda0 0000000000000810 

Instructions: (pc=0x0000000129f1e7fb)
0x0000000129f1e7db:   8d 85 30 ff ff ff 48 89 45 f8 48 8d 45 10 48 89
0x0000000129f1e7eb:   45 f0 c7 45 ec 30 00 00 00 c7 45 e8 18 00 00 00
0x0000000129f1e7fb:   48 8b 07 48 8d 4d e8 ff 90 f0 01 00 00 48 81 c4
0x0000000129f1e80b:   d0 00 00 00 5d c3 90 90 90 90 90 90 90 90 90 90 

Register to memory mapping:

RAX=0x00007fff51786160 is an unknown value
RBX=0x00007fa8c89eb908 is an unknown value
RCX=0x00007fff51786134 is an unknown value
RDX=0x00007fa8c69e2838 is an unknown value
RSP=0x00007fff51786080 is an unknown value
RBP=0x00007fff51786150 is an unknown value
RSI=0x00007fa8c76b5c58 is a global jni handle
RDI=0x0000000000000000 is an unknown value
R8 =0x0000000055870183 is an unknown value
R9 =0x00007fa8c6f00000 is an unknown value
R10=0x0000000000000020 is an unknown value
R11=0x00007fa8c6f00000 is an unknown value
R12=0x0000000000000000 is an unknown value
R13=0x0000000000449828 is an unknown value
R14=0x0000000000000000 is an unknown value
R15=0x00007fa8c8a44a90 is an unknown value


Stack: [0x00007fff50f8a000,0x00007fff5178a000],  sp=0x00007fff51786080,  free space=8176k
Native frames: (J=compiled Java code, j=interpreted, Vv=VM code, C=native code)
C  [libjfxwebkit.dylib+0x8bf7fb]  Java_com_sun_webkit_dom_EventListenerImpl_twkDispatchEvent+0x500dab
C  [libjfxwebkit.dylib+0x8f2f83]  Java_com_sun_webkit_dom_EventListenerImpl_twkDispatchEvent+0x534533
C  [libjfxwebkit.dylib+0x8ce609]  Java_com_sun_webkit_dom_EventListenerImpl_twkDispatchEvent+0x50fbb9
C  [libjfxwebkit.dylib+0x7f3237]  Java_com_sun_webkit_dom_EventListenerImpl_twkDispatchEvent+0x4347e7
C  [libjfxwebkit.dylib+0x7fb64f]  Java_com_sun_webkit_dom_EventListenerImpl_twkDispatchEvent+0x43cbff
C  [libjfxwebkit.dylib+0x82fcfa]  Java_com_sun_webkit_dom_EventListenerImpl_twkDispatchEvent+0x4712aa
C  [libjfxwebkit.dylib+0x6b8e4e]  Java_com_sun_webkit_dom_EventListenerImpl_twkDispatchEvent+0x2fa3fe
C  [libjfxwebkit.dylib+0x3eb04a]  Java_com_sun_webkit_dom_EventListenerImpl_twkDispatchEvent+0x2c5fa
C  [libjfxwebkit.dylib+0xde7f2f]  JSValueIsObjectOfClass+0x5088f
C  [libjfxwebkit.dylib+0xde8438]  JSValueIsObjectOfClass+0x50d98
C  [libjfxwebkit.dylib+0xdf12f6]  JSValueIsObjectOfClass+0x59c56
C  [libjfxwebkit.dylib+0xdeebc2]  JSValueIsObjectOfClass+0x57522
C  [libjfxwebkit.dylib+0xdee639]  JSValueIsObjectOfClass+0x56f99
C  [CoreFoundation+0xb72e4]  __CFRUNLOOP_IS_CALLING_OUT_TO_A_TIMER_CALLBACK_FUNCTION__+0x14
C  [CoreFoundation+0xb6f73]  __CFRunLoopDoTimer+0x423
C  [CoreFoundation+0x12a53d]  __CFRunLoopDoTimers+0x12d
C  [CoreFoundation+0x72608]  __CFRunLoopRun+0x7e8
C  [CoreFoundation+0x71bd8]  CFRunLoopRunSpecific+0x128
C  [java+0x56cb]  CreateExecutionEnvironment+0x367
C  [java+0x166c]  JLI_Launch+0x7a0
C  [java+0x7689]  main+0x65
C  [java+0xec4]  start+0x34


---------------  P R O C E S S  ---------------

VM state:not at safepoint (normal execution)

VM Mutex/Monitor currently owned by a thread: None

Heap:
 PSYoungGen      total 204800K, used 178183K [0x00000007aab00000, 0x00000007b9880000, 0x00000007c0000000)
  eden space 181248K, 85% used [0x00000007aab00000,0x00000007b4205b00,0x00000007b5c00000)
  from space 23552K, 99% used [0x00000007b7880000,0x00000007b8f7c378,0x00000007b8f80000)
  to   space 29184K, 0% used [0x00000007b5c00000,0x00000007b5c00000,0x00000007b7880000)
 ParOldGen       total 193024K, used 106835K [0x0000000780000000, 0x000000078bc80000, 0x00000007aab00000)
  object space 193024K, 55% used [0x0000000780000000,0x0000000786854d68,0x000000078bc80000)
 Metaspace       used 25209K, capacity 25546K, committed 25984K, reserved 1071104K
  class space    used 3305K, capacity 3416K, committed 3456K, reserved 1048576K

Card table byte_map: [0x000000011f1c0000,0x000000011f3c1000] byte_map_base: 0x000000011b5c0000

Marking Bits: (ParMarkBitMap*) 0x000000010ee0c0a0
 Begin Bits: [0x000000011f923000, 0x0000000120923000)
 End Bits:   [0x0000000120923000, 0x0000000121923000)

Polling page: 0x000000010f5c2000

CodeCache: size=245760Kb used=20588Kb max_used=20741Kb free=225171Kb
 bounds [0x000000010fe00000, 0x0000000111260000, 0x000000011ee00000]
 total_blobs=6974 nmethods=6208 adapters=680
 compilation: enabled

Compilation events (10 events):
Event: 280.911 Thread 0x00007fa8c101b000 7318       3       sun.security.x509.CertificateExtensions::getAllExtensions (10 bytes)
Event: 280.912 Thread 0x00007fa8c101b000 nmethod 7318 0x0000000111017390 code [0x0000000111017500, 0x0000000111017728]
Event: 281.468 Thread 0x00007fa8c1809000 7319       4       com.sun.javafx.iio.gif.GIFImageLoader2$LZWDecoder::getCode (81 bytes)
Event: 281.470 Thread 0x00007fa8c1809000 nmethod 7319 0x0000000111016f90 code [0x00000001110170e0, 0x0000000111017268]
Event: 281.476 Thread 0x00007fa8c180b000 7321       4       com.sun.prism.es2.BufferFactory::getDirectBufferByteOffset (131 bytes)
Event: 281.477 Thread 0x00007fa8c180b000 nmethod 7321 0x0000000111016950 code [0x0000000111016aa0, 0x0000000111016b78]
Event: 281.485 Thread 0x00007fa8c101b000 7322       3       com.sun.javafx.webkit.prism.WCGraphicsPrismContext$17::doPaint (86 bytes)
Event: 281.487 Thread 0x00007fa8c101b000 nmethod 7322 0x0000000110c51050 code [0x0000000110c512a0, 0x0000000110c51f98]
Event: 282.574 Thread 0x00007fa8c1809000 7323       4       java.util.BitSet::checkInvariants (111 bytes)
Event: 282.575 Thread 0x00007fa8c1809000 nmethod 7323 0x0000000110943690 code [0x00000001109437c0, 0x0000000110943818]

GC Heap History (10 events):
Event: 123.252 GC heap before
{Heap before GC invocations=42 (full 9):
 PSYoungGen      total 184320K, used 172544K [0x00000007aab00000, 0x00000007b6b80000, 0x00000007c0000000)
  eden space 172544K, 100% used [0x00000007aab00000,0x00000007b5380000,0x00000007b5380000)
  from space 11776K, 0% used [0x00000007b6000000,0x00000007b6000000,0x00000007b6b80000)
  to   space 12288K, 0% used [0x00000007b5380000,0x00000007b5380000,0x00000007b5f80000)
 ParOldGen       total 147968K, used 60630K [0x0000000780000000, 0x0000000789080000, 0x00000007aab00000)
  object space 147968K, 40% used [0x0000000780000000,0x0000000783b35b50,0x0000000789080000)
 Metaspace       used 22653K, capacity 22852K, committed 23168K, reserved 1069056K
  class space    used 3099K, capacity 3175K, committed 3200K, reserved 1048576K
Event: 123.295 GC heap after
Heap after GC invocations=42 (full 9):
 PSYoungGen      total 184832K, used 11725K [0x00000007aab00000, 0x00000007b7a80000, 0x00000007c0000000)
  eden space 172544K, 0% used [0x00000007aab00000,0x00000007aab00000,0x00000007b5380000)
  from space 12288K, 95% used [0x00000007b5380000,0x00000007b5ef3758,0x00000007b5f80000)
  to   space 14336K, 0% used [0x00000007b6c80000,0x00000007b6c80000,0x00000007b7a80000)
 ParOldGen       total 147968K, used 128207K [0x0000000780000000, 0x0000000789080000, 0x00000007aab00000)
  object space 147968K, 86% used [0x0000000780000000,0x0000000787d33f00,0x0000000789080000)
 Metaspace       used 22653K, capacity 22852K, committed 23168K, reserved 1069056K
  class space    used 3099K, capacity 3175K, committed 3200K, reserved 1048576K
}
Event: 123.296 GC heap before
{Heap before GC invocations=43 (full 10):
 PSYoungGen      total 184832K, used 11725K [0x00000007aab00000, 0x00000007b7a80000, 0x00000007c0000000)
  eden space 172544K, 0% used [0x00000007aab00000,0x00000007aab00000,0x00000007b5380000)
  from space 12288K, 95% used [0x00000007b5380000,0x00000007b5ef3758,0x00000007b5f80000)
  to   space 14336K, 0% used [0x00000007b6c80000,0x00000007b6c80000,0x00000007b7a80000)
 ParOldGen       total 147968K, used 128207K [0x0000000780000000, 0x0000000789080000, 0x00000007aab00000)
  object space 147968K, 86% used [0x0000000780000000,0x0000000787d33f00,0x0000000789080000)
 Metaspace       used 22653K, capacity 22852K, committed 23168K, reserved 1069056K
  class space    used 3099K, capacity 3175K, committed 3200K, reserved 1048576K
Event: 123.385 GC heap after
Heap after GC invocations=43 (full 10):
 PSYoungGen      total 184832K, used 0K [0x00000007aab00000, 0x00000007b7a80000, 0x00000007c0000000)
  eden space 172544K, 0% used [0x00000007aab00000,0x00000007aab00000,0x00000007b5380000)
  from space 12288K, 0% used [0x00000007b5380000,0x00000007b5380000,0x00000007b5f80000)
  to   space 14336K, 0% used [0x00000007b6c80000,0x00000007b6c80000,0x00000007b7a80000)
 ParOldGen       total 193024K, used 92835K [0x0000000780000000, 0x000000078bc80000, 0x00000007aab00000)
  object space 193024K, 48% used [0x0000000780000000,0x0000000785aa8fb0,0x000000078bc80000)
 Metaspace       used 22653K, capacity 22852K, committed 23168K, reserved 1069056K
  class space    used 3099K, capacity 3175K, committed 3200K, reserved 1048576K
}
Event: 155.735 GC heap before
{Heap before GC invocations=44 (full 10):
 PSYoungGen      total 184832K, used 172527K [0x00000007aab00000, 0x00000007b7a80000, 0x00000007c0000000)
  eden space 172544K, 99% used [0x00000007aab00000,0x00000007b537bcf0,0x00000007b5380000)
  from space 12288K, 0% used [0x00000007b5380000,0x00000007b5380000,0x00000007b5f80000)
  to   space 14336K, 0% used [0x00000007b6c80000,0x00000007b6c80000,0x00000007b7a80000)
 ParOldGen       total 193024K, used 92835K [0x0000000780000000, 0x000000078bc80000, 0x00000007aab00000)
  object space 193024K, 48% used [0x0000000780000000,0x0000000785aa8fb0,0x000000078bc80000)
 Metaspace       used 24318K, capacity 24562K, committed 24960K, reserved 1071104K
  class space    used 3263K, capacity 3348K, committed 3456K, reserved 1048576K
Event: 155.771 GC heap after
Heap after GC invocations=44 (full 10):
 PSYoungGen      total 191488K, used 14329K [0x00000007aab00000, 0x00000007b8780000, 0x00000007c0000000)
  eden space 177152K, 0% used [0x00000007aab00000,0x00000007aab00000,0x00000007b5800000)
  from space 14336K, 99% used [0x00000007b6c80000,0x00000007b7a7e6c0,0x00000007b7a80000)
  to   space 20992K, 0% used [0x00000007b5800000,0x00000007b5800000,0x00000007b6c80000)
 ParOldGen       total 193024K, used 103305K [0x0000000780000000, 0x000000078bc80000, 0x00000007aab00000)
  object space 193024K, 53% used [0x0000000780000000,0x00000007864e26d8,0x000000078bc80000)
 Metaspace       used 24318K, capacity 24562K, committed 24960K, reserved 1071104K
  class space    used 3263K, capacity 3348K, committed 3456K, reserved 1048576K
}
Event: 182.034 GC heap before
{Heap before GC invocations=45 (full 10):
 PSYoungGen      total 191488K, used 191481K [0x00000007aab00000, 0x00000007b8780000, 0x00000007c0000000)
  eden space 177152K, 100% used [0x00000007aab00000,0x00000007b5800000,0x00000007b5800000)
  from space 14336K, 99% used [0x00000007b6c80000,0x00000007b7a7e6c0,0x00000007b7a80000)
  to   space 20992K, 0% used [0x00000007b5800000,0x00000007b5800000,0x00000007b6c80000)
 ParOldGen       total 193024K, used 103305K [0x0000000780000000, 0x000000078bc80000, 0x00000007aab00000)
  object space 193024K, 53% used [0x0000000780000000,0x00000007864e26d8,0x000000078bc80000)
 Metaspace       used 24868K, capacity 25130K, committed 25472K, reserved 1071104K
  class space    used 3292K, capacity 3384K, committed 3456K, reserved 1048576K
Event: 182.057 GC heap after
Heap after GC invocations=45 (full 10):
 PSYoungGen      total 198144K, used 17270K [0x00000007aab00000, 0x00000007b8f80000, 0x00000007c0000000)
  eden space 177152K, 0% used [0x00000007aab00000,0x00000007aab00000,0x00000007b5800000)
  from space 20992K, 82% used [0x00000007b5800000,0x00000007b68dd9b0,0x00000007b6c80000)
  to   space 23552K, 0% used [0x00000007b7880000,0x00000007b7880000,0x00000007b8f80000)
 ParOldGen       total 193024K, used 103313K [0x0000000780000000, 0x000000078bc80000, 0x00000007aab00000)
  object space 193024K, 53% used [0x0000000780000000,0x00000007864e46d8,0x000000078bc80000)
 Metaspace       used 24868K, capacity 25130K, committed 25472K, reserved 1071104K
  class space    used 3292K, capacity 3384K, committed 3456K, reserved 1048576K
}
Event: 227.005 GC heap before
{Heap before GC invocations=46 (full 10):
 PSYoungGen      total 198144K, used 194276K [0x00000007aab00000, 0x00000007b8f80000, 0x00000007c0000000)
  eden space 177152K, 99% used [0x00000007aab00000,0x00000007b57dba08,0x00000007b5800000)
  from space 20992K, 82% used [0x00000007b5800000,0x00000007b68dd9b0,0x00000007b6c80000)
  to   space 23552K, 0% used [0x00000007b7880000,0x00000007b7880000,0x00000007b8f80000)
 ParOldGen       total 193024K, used 103313K [0x0000000780000000, 0x000000078bc80000, 0x00000007aab00000)
  object space 193024K, 53% used [0x0000000780000000,0x00000007864e46d8,0x000000078bc80000)
 Metaspace       used 24969K, capacity 25258K, committed 25728K, reserved 1071104K
  class space    used 3294K, capacity 3384K, committed 3456K, reserved 1048576K
Event: 227.040 GC heap after
Heap after GC invocations=46 (full 10):
 PSYoungGen      total 204800K, used 23536K [0x00000007aab00000, 0x00000007b9880000, 0x00000007c0000000)
  eden space 181248K, 0% used [0x00000007aab00000,0x00000007aab00000,0x00000007b5c00000)
  from space 23552K, 99% used [0x00000007b7880000,0x00000007b8f7c378,0x00000007b8f80000)
  to   space 29184K, 0% used [0x00000007b5c00000,0x00000007b5c00000,0x00000007b7880000)
 ParOldGen       total 193024K, used 106835K [0x0000000780000000, 0x000000078bc80000, 0x00000007aab00000)
  object space 193024K, 55% used [0x0000000780000000,0x0000000786854d68,0x000000078bc80000)
 Metaspace       used 24969K, capacity 25258K, committed 25728K, reserved 1071104K
  class space    used 3294K, capacity 3384K, committed 3456K, reserved 1048576K
}

Deoptimization events (10 events):
Event: 253.276 Thread 0x00007fa8c0844800 Uncommon trap: reason=class_check action=maybe_recompile pc=0x00000001111e0cb4 method=com.sun.prism.impl.BaseContext.getMaskTexture(Lcom/sun/prism/impl/shape/MaskData;Z)Lcom/sun/prism/Texture; @ 154
Event: 253.307 Thread 0x00007fa8c0844800 Uncommon trap: reason=class_check action=maybe_recompile pc=0x0000000110586d00 method=com.sun.javafx.sg.prism.NGRegion.getImageCache(Lcom/sun/prism/Graphics;)Lcom/sun/javafx/sg/prism/RegionImageCache; @ 1
Event: 253.307 Thread 0x00007fa8c0844800 Uncommon trap: reason=class_check action=maybe_recompile pc=0x0000000110586d00 method=com.sun.javafx.sg.prism.NGRegion.getImageCache(Lcom/sun/prism/Graphics;)Lcom/sun/javafx/sg/prism/RegionImageCache; @ 1
Event: 253.307 Thread 0x00007fa8c0844800 Uncommon trap: reason=class_check action=maybe_recompile pc=0x0000000110586d00 method=com.sun.javafx.sg.prism.NGRegion.getImageCache(Lcom/sun/prism/Graphics;)Lcom/sun/javafx/sg/prism/RegionImageCache; @ 1
Event: 253.307 Thread 0x00007fa8c0844800 Uncommon trap: reason=class_check action=maybe_recompile pc=0x0000000110586d00 method=com.sun.javafx.sg.prism.NGRegion.getImageCache(Lcom/sun/prism/Graphics;)Lcom/sun/javafx/sg/prism/RegionImageCache; @ 1
Event: 253.311 Thread 0x00007fa8c0844800 Uncommon trap: reason=unreached action=reinterpret pc=0x00000001111e64d8 method=com.sun.javafx.webkit.prism.WCGraphicsPrismContext$17.doPaint(Lcom/sun/prism/Graphics;)V @ 36
Event: 261.347 Thread 0x00007fa8c18fb000 Uncommon trap: reason=unreached action=reinterpret pc=0x00000001111d3d8c method=java.util.concurrent.locks.AbstractQueuedSynchronizer.unparkSuccessor(Ljava/util/concurrent/locks/AbstractQueuedSynchronizer$Node;)V @ 22
Event: 261.613 Thread 0x00007fa8c18fb000 Uncommon trap: reason=unreached action=reinterpret pc=0x0000000110a58160 method=java.util.concurrent.locks.AbstractQueuedSynchronizer.unparkSuccessor(Ljava/util/concurrent/locks/AbstractQueuedSynchronizer$Node;)V @ 22
Event: 282.503 Thread 0x00007fa8c1858800 Uncommon trap: reason=predicate action=maybe_recompile pc=0x0000000110250238 method=java.util.ArrayList.remove(Ljava/lang/Object;)Z @ 49
Event: 282.579 Thread 0x00007fa8c1858800 Uncommon trap: reason=unloaded action=reinterpret pc=0x000000011102d804 method=java.util.Collections.unmodifiableList(Ljava/util/List;)Ljava/util/List; @ 18

Internal exceptions (10 events):
Event: 252.723 Thread 0x00007fa8c237c800 Exception <a 'java/security/PrivilegedActionException'> (0x00000007ad6871f8) thrown at [/HUDSON/workspace/8-2-build-macosx-x86_64/jdk8u5/2488/hotspot/src/share/vm/prims/jvm.cpp, line 1248]
Event: 252.723 Thread 0x00007fa8c27d2000 Exception <a 'java/security/PrivilegedActionException'> (0x00000007ad641d18) thrown at [/HUDSON/workspace/8-2-build-macosx-x86_64/jdk8u5/2488/hotspot/src/share/vm/prims/jvm.cpp, line 1248]
Event: 252.723 Thread 0x00007fa8c27d2000 Exception <a 'java/security/PrivilegedActionException'> (0x00000007ad6422a8) thrown at [/HUDSON/workspace/8-2-build-macosx-x86_64/jdk8u5/2488/hotspot/src/share/vm/prims/jvm.cpp, line 1248]
Event: 252.723 Thread 0x00007fa8c237c800 Exception <a 'java/lang/ClassNotFoundException': sun/net/www/protocol/data/Handler> (0x00000007ad68da98) thrown at [/HUDSON/workspace/8-2-build-macosx-x86_64/jdk8u5/2488/hotspot/src/share/vm/classfile/systemDictionary.cpp, line 202]
Event: 252.723 Thread 0x00007fa8c237c800 Exception <a 'java/security/PrivilegedActionException'> (0x00000007ad68f168) thrown at [/HUDSON/workspace/8-2-build-macosx-x86_64/jdk8u5/2488/hotspot/src/share/vm/prims/jvm.cpp, line 1248]
Event: 252.723 Thread 0x00007fa8c237c800 Exception <a 'java/security/PrivilegedActionException'> (0x00000007adebae80) thrown at [/HUDSON/workspace/8-2-build-macosx-x86_64/jdk8u5/2488/hotspot/src/share/vm/prims/jvm.cpp, line 1248]
Event: 255.160 Thread 0x00007fa8c0dab800 Exception <a 'sun/nio/fs/UnixException'> (0x00000007af5b3b98) thrown at [/HUDSON/workspace/8-2-build-macosx-x86_64/jdk8u5/2488/hotspot/src/share/vm/prims/jni.cpp, line 716]
Event: 256.180 Thread 0x00007fa8c0dab800 Exception <a 'sun/nio/fs/UnixException'> (0x00000007af5b4ea8) thrown at [/HUDSON/workspace/8-2-build-macosx-x86_64/jdk8u5/2488/hotspot/src/share/vm/prims/jni.cpp, line 716]
Event: 261.347 Thread 0x00007fa8c18fb000 Implicit null exception at 0x00000001111d34cc to 0x00000001111d3d6d
Event: 261.613 Thread 0x00007fa8c18fb000 Implicit null exception at 0x0000000110a58033 to 0x0000000110a58139

Events (10 events):
Event: 282.582 Thread 0x00007fa8c0844800 Thread exited: 0x00007fa8c0844800
Event: 282.582 Thread 0x00007fa8c18e3800 Thread exited: 0x00007fa8c18e3800
Event: 282.583 Thread 0x00007fa8c1000800 Thread exited: 0x00007fa8c1000800
Event: 282.583 Thread 0x00007fa8c61a0000 Thread added: 0x00007fa8c61a0000
Event: 282.583 Thread 0x00007fa8c1858800 Thread exited: 0x00007fa8c1858800
Event: 287.331 Executing VM operation: RevokeBias
Event: 287.331 Executing VM operation: RevokeBias done
Event: 287.331 Executing VM operation: RevokeBias
Event: 287.331 Executing VM operation: RevokeBias done
Event: 290.644 Thread 0x00007fa8c190e000 Thread exited: 0x00007fa8c190e000


Dynamic libraries:
0x0000000001df5000 	/System/Library/Frameworks/Cocoa.framework/Versions/A/Cocoa
0x0000000001df5000 	/System/Library/Frameworks/Security.framework/Versions/A/Security
0x0000000001df5000 	/System/Library/Frameworks/ApplicationServices.framework/Versions/A/ApplicationServices
0x0000000001df5000 	/usr/lib/libz.1.dylib
0x0000000001df5000 	/usr/lib/libSystem.B.dylib
0x0000000001df5000 	/usr/lib/libobjc.A.dylib
0x0000000001df5000 	/System/Library/Frameworks/CoreFoundation.framework/Versions/A/CoreFoundation
0x0000000001df5000 	/System/Library/Frameworks/Foundation.framework/Versions/C/Foundation
0x0000000001df5000 	/System/Library/Frameworks/AppKit.framework/Versions/C/AppKit
0x0000000001df5000 	/System/Library/Frameworks/CoreData.framework/Versions/A/CoreData
0x0000000001df5000 	/System/Library/PrivateFrameworks/RemoteViewServices.framework/Versions/A/RemoteViewServices
0x0000000001df5000 	/System/Library/PrivateFrameworks/UIFoundation.framework/Versions/A/UIFoundation
0x0000000001df5000 	/System/Library/Frameworks/IOSurface.framework/Versions/A/IOSurface
0x0000000001df5000 	/System/Library/Frameworks/AudioToolbox.framework/Versions/A/AudioToolbox
0x0000000001df5000 	/System/Library/Frameworks/AudioUnit.framework/Versions/A/AudioUnit
0x0000000001df5000 	/System/Library/PrivateFrameworks/DataDetectorsCore.framework/Versions/A/DataDetectorsCore
0x0000000001df5000 	/System/Library/PrivateFrameworks/DesktopServicesPriv.framework/Versions/A/DesktopServicesPriv
0x0000000001df5000 	/System/Library/Frameworks/Carbon.framework/Versions/A/Frameworks/HIToolbox.framework/Versions/A/HIToolbox
0x0000000001df5000 	/System/Library/Frameworks/QuartzCore.framework/Versions/A/QuartzCore
0x0000000001df5000 	/System/Library/Frameworks/Carbon.framework/Versions/A/Frameworks/SpeechRecognition.framework/Versions/A/SpeechRecognition
0x0000000001df5000 	/usr/lib/libauto.dylib
0x0000000001df5000 	/usr/lib/libicucore.A.dylib
0x0000000001df5000 	/usr/lib/libxml2.2.dylib
0x0000000001df5000 	/System/Library/PrivateFrameworks/CoreUI.framework/Versions/A/CoreUI
0x0000000001df5000 	/System/Library/Frameworks/CoreAudio.framework/Versions/A/CoreAudio
0x0000000001df5000 	/System/Library/Frameworks/DiskArbitration.framework/Versions/A/DiskArbitration
0x0000000001df5000 	/usr/lib/liblangid.dylib
0x0000000001df5000 	/System/Library/PrivateFrameworks/MultitouchSupport.framework/Versions/A/MultitouchSupport
0x0000000001df5000 	/System/Library/Frameworks/IOKit.framework/Versions/A/IOKit
0x0000000001df5000 	/usr/lib/libDiagnosticMessagesClient.dylib
0x0000000001df5000 	/System/Library/Frameworks/CoreServices.framework/Versions/A/CoreServices
0x0000000001df5000 	/System/Library/PrivateFrameworks/PerformanceAnalysis.framework/Versions/A/PerformanceAnalysis
0x0000000001df5000 	/System/Library/PrivateFrameworks/GenerationalStorage.framework/Versions/A/GenerationalStorage
0x0000000001df5000 	/System/Library/Frameworks/OpenGL.framework/Versions/A/OpenGL
0x0000000001df5000 	/System/Library/PrivateFrameworks/Sharing.framework/Versions/A/Sharing
0x0000000001df5000 	/System/Library/Frameworks/CoreGraphics.framework/Versions/A/CoreGraphics
0x0000000001df5000 	/System/Library/Frameworks/CoreText.framework/Versions/A/CoreText
0x0000000001df5000 	/System/Library/Frameworks/ImageIO.framework/Versions/A/ImageIO
0x0000000001df5000 	/usr/lib/libextension.dylib
0x0000000001df5000 	/System/Library/PrivateFrameworks/Backup.framework/Versions/A/Backup
0x0000000001df5000 	/usr/lib/libarchive.2.dylib
0x0000000001df5000 	/System/Library/Frameworks/CFNetwork.framework/Versions/A/CFNetwork
0x0000000001df5000 	/System/Library/Frameworks/SystemConfiguration.framework/Versions/A/SystemConfiguration
0x0000000001df5000 	/usr/lib/libCRFSuite.dylib
0x0000000001df5000 	/usr/lib/libc++.1.dylib
0x0000000001df5000 	/usr/lib/libc++abi.dylib
0x0000000001df5000 	/usr/lib/system/libcache.dylib
0x0000000001df5000 	/usr/lib/system/libcommonCrypto.dylib
0x0000000001df5000 	/usr/lib/system/libcompiler_rt.dylib
0x0000000001df5000 	/usr/lib/system/libcopyfile.dylib
0x0000000001df5000 	/usr/lib/system/libcorecrypto.dylib
0x0000000001df5000 	/usr/lib/system/libdispatch.dylib
0x0000000001df5000 	/usr/lib/system/libdyld.dylib
0x0000000001df5000 	/usr/lib/system/libkeymgr.dylib
0x0000000001df5000 	/usr/lib/system/liblaunch.dylib
0x0000000001df5000 	/usr/lib/system/libmacho.dylib
0x0000000001df5000 	/usr/lib/system/libquarantine.dylib
0x0000000001df5000 	/usr/lib/system/libremovefile.dylib
0x0000000001df5000 	/usr/lib/system/libsystem_asl.dylib
0x0000000001df5000 	/usr/lib/system/libsystem_blocks.dylib
0x0000000001df5000 	/usr/lib/system/libsystem_c.dylib
0x0000000001df5000 	/usr/lib/system/libsystem_configuration.dylib
0x0000000001df5000 	/usr/lib/system/libsystem_coreservices.dylib
0x0000000001df5000 	/usr/lib/system/libsystem_coretls.dylib
0x0000000001df5000 	/usr/lib/system/libsystem_dnssd.dylib
0x0000000001df5000 	/usr/lib/system/libsystem_info.dylib
0x0000000001df5000 	/usr/lib/system/libsystem_kernel.dylib
0x0000000001df5000 	/usr/lib/system/libsystem_m.dylib
0x0000000001df5000 	/usr/lib/system/libsystem_malloc.dylib
0x0000000001df5000 	/usr/lib/system/libsystem_network.dylib
0x0000000001df5000 	/usr/lib/system/libsystem_networkextension.dylib
0x0000000001df5000 	/usr/lib/system/libsystem_notify.dylib
0x0000000001df5000 	/usr/lib/system/libsystem_platform.dylib
0x0000000001df5000 	/usr/lib/system/libsystem_pthread.dylib
0x0000000001df5000 	/usr/lib/system/libsystem_sandbox.dylib
0x0000000001df5000 	/usr/lib/system/libsystem_secinit.dylib
0x0000000001df5000 	/usr/lib/system/libsystem_stats.dylib
0x0000000001df5000 	/usr/lib/system/libsystem_trace.dylib
0x0000000001df5000 	/usr/lib/system/libunc.dylib
0x0000000001df5000 	/usr/lib/system/libunwind.dylib
0x0000000001df5000 	/usr/lib/system/libxpc.dylib
0x0000000001df5000 	/usr/lib/libbz2.1.0.dylib
0x0000000001df5000 	/usr/lib/liblzma.5.dylib
0x0000000001df5000 	/usr/lib/libbsm.0.dylib
0x0000000001df5000 	/usr/lib/libsqlite3.dylib
0x0000000001df5000 	/usr/lib/system/libkxld.dylib
0x0000000001df5000 	/usr/lib/libxar.1.dylib
0x0000000001df5000 	/usr/lib/libpam.2.dylib
0x0000000001df5000 	/usr/lib/libOpenScriptingUtil.dylib
0x0000000001df5000 	/System/Library/Frameworks/CoreServices.framework/Versions/A/Frameworks/FSEvents.framework/Versions/A/FSEvents
0x0000000001df5000 	/System/Library/Frameworks/CoreServices.framework/Versions/A/Frameworks/CarbonCore.framework/Versions/A/CarbonCore
0x0000000001df5000 	/System/Library/Frameworks/CoreServices.framework/Versions/A/Frameworks/Metadata.framework/Versions/A/Metadata
0x0000000001df5000 	/System/Library/Frameworks/CoreServices.framework/Versions/A/Frameworks/OSServices.framework/Versions/A/OSServices
0x0000000001df5000 	/System/Library/Frameworks/CoreServices.framework/Versions/A/Frameworks/SearchKit.framework/Versions/A/SearchKit
0x0000000001df5000 	/System/Library/Frameworks/CoreServices.framework/Versions/A/Frameworks/AE.framework/Versions/A/AE
0x0000000001df5000 	/System/Library/Frameworks/CoreServices.framework/Versions/A/Frameworks/LaunchServices.framework/Versions/A/LaunchServices
0x0000000001df5000 	/System/Library/Frameworks/CoreServices.framework/Versions/A/Frameworks/DictionaryServices.framework/Versions/A/DictionaryServices
0x0000000001df5000 	/System/Library/Frameworks/NetFS.framework/Versions/A/NetFS
0x0000000001df5000 	/System/Library/PrivateFrameworks/NetAuth.framework/Versions/A/NetAuth
0x0000000001df5000 	/System/Library/PrivateFrameworks/login.framework/Versions/A/Frameworks/loginsupport.framework/Versions/A/loginsupport
0x0000000001df5000 	/System/Library/PrivateFrameworks/TCC.framework/Versions/A/TCC
0x0000000001df5000 	/usr/lib/libmecabra.dylib
0x0000000001df5000 	/System/Library/Frameworks/ApplicationServices.framework/Versions/A/Frameworks/ATS.framework/Versions/A/ATS
0x0000000001df5000 	/System/Library/Frameworks/ApplicationServices.framework/Versions/A/Frameworks/ColorSync.framework/Versions/A/ColorSync
0x0000000001df5000 	/System/Library/Frameworks/ApplicationServices.framework/Versions/A/Frameworks/HIServices.framework/Versions/A/HIServices
0x0000000001df5000 	/System/Library/Frameworks/ApplicationServices.framework/Versions/A/Frameworks/LangAnalysis.framework/Versions/A/LangAnalysis
0x0000000001df5000 	/System/Library/Frameworks/ApplicationServices.framework/Versions/A/Frameworks/PrintCore.framework/Versions/A/PrintCore
0x0000000001df5000 	/System/Library/Frameworks/ApplicationServices.framework/Versions/A/Frameworks/QD.framework/Versions/A/QD
0x0000000001df5000 	/System/Library/Frameworks/ApplicationServices.framework/Versions/A/Frameworks/SpeechSynthesis.framework/Versions/A/SpeechSynthesis
0x0000000001df5000 	/System/Library/Frameworks/Accelerate.framework/Versions/A/Accelerate
0x0000000001df5000 	/System/Library/Frameworks/Accelerate.framework/Versions/A/Frameworks/vImage.framework/Versions/A/vImage
0x0000000001df5000 	/System/Library/Frameworks/Accelerate.framework/Versions/A/Frameworks/vecLib.framework/Versions/A/vecLib
0x0000000001df5000 	/System/Library/Frameworks/Accelerate.framework/Versions/A/Frameworks/vecLib.framework/Versions/A/libvDSP.dylib
0x0000000001df5000 	/System/Library/Frameworks/Accelerate.framework/Versions/A/Frameworks/vecLib.framework/Versions/A/libvMisc.dylib
0x0000000001df5000 	/System/Library/Frameworks/Accelerate.framework/Versions/A/Frameworks/vecLib.framework/Versions/A/libLAPACK.dylib
0x0000000001df5000 	/System/Library/Frameworks/Accelerate.framework/Versions/A/Frameworks/vecLib.framework/Versions/A/libBLAS.dylib
0x0000000001df5000 	/System/Library/Frameworks/Accelerate.framework/Versions/A/Frameworks/vecLib.framework/Versions/A/libLinearAlgebra.dylib
0x0000000001df5000 	/System/Library/Frameworks/ApplicationServices.framework/Versions/A/Frameworks/ATS.framework/Versions/A/Resources/libFontParser.dylib
0x0000000001df5000 	/System/Library/Frameworks/ApplicationServices.framework/Versions/A/Frameworks/ATS.framework/Versions/A/Resources/libFontRegistry.dylib
0x0000000001df5000 	/System/Library/PrivateFrameworks/AppleVPA.framework/Versions/A/AppleVPA
0x0000000001df5000 	/System/Library/PrivateFrameworks/AppleJPEG.framework/Versions/A/AppleJPEG
0x0000000001df5000 	/System/Library/Frameworks/ImageIO.framework/Versions/A/Resources/libJPEG.dylib
0x0000000001df5000 	/System/Library/Frameworks/ImageIO.framework/Versions/A/Resources/libTIFF.dylib
0x0000000001df5000 	/System/Library/Frameworks/ImageIO.framework/Versions/A/Resources/libPng.dylib
0x0000000001df5000 	/System/Library/Frameworks/ImageIO.framework/Versions/A/Resources/libGIF.dylib
0x0000000001df5000 	/System/Library/Frameworks/ImageIO.framework/Versions/A/Resources/libJP2.dylib
0x0000000001df5000 	/System/Library/Frameworks/ImageIO.framework/Versions/A/Resources/libRadiance.dylib
0x0000000001df5000 	/System/Library/Frameworks/CoreVideo.framework/Versions/A/CoreVideo
0x0000000001df5000 	/System/Library/Frameworks/OpenGL.framework/Versions/A/Libraries/libGLU.dylib
0x0000000001df5000 	/System/Library/Frameworks/OpenGL.framework/Versions/A/Libraries/libGFXShared.dylib
0x0000000001df5000 	/System/Library/Frameworks/OpenGL.framework/Versions/A/Libraries/libGL.dylib
0x0000000001df5000 	/System/Library/Frameworks/OpenGL.framework/Versions/A/Libraries/libGLImage.dylib
0x0000000001df5000 	/System/Library/Frameworks/OpenGL.framework/Versions/A/Libraries/libCVMSPluginSupport.dylib
0x0000000001df5000 	/System/Library/Frameworks/OpenGL.framework/Versions/A/Libraries/libCoreVMClient.dylib
0x0000000001df5000 	/usr/lib/libcups.2.dylib
0x0000000001df5000 	/System/Library/Frameworks/Kerberos.framework/Versions/A/Kerberos
0x0000000001df5000 	/System/Library/Frameworks/GSS.framework/Versions/A/GSS
0x0000000001df5000 	/usr/lib/libresolv.9.dylib
0x0000000001df5000 	/usr/lib/libiconv.2.dylib
0x0000000001df5000 	/System/Library/PrivateFrameworks/Heimdal.framework/Versions/A/Heimdal
0x0000000001df5000 	/usr/lib/libheimdal-asn1.dylib
0x0000000001df5000 	/System/Library/Frameworks/OpenDirectory.framework/Versions/A/OpenDirectory
0x0000000001df5000 	/System/Library/PrivateFrameworks/CommonAuth.framework/Versions/A/CommonAuth
0x0000000001df5000 	/System/Library/Frameworks/OpenDirectory.framework/Versions/A/Frameworks/CFOpenDirectory.framework/Versions/A/CFOpenDirectory
0x0000000001df5000 	/System/Library/Frameworks/SecurityFoundation.framework/Versions/A/SecurityFoundation
0x0000000001df5000 	/System/Library/PrivateFrameworks/LanguageModeling.framework/Versions/A/LanguageModeling
0x0000000001df5000 	/usr/lib/libcmph.dylib
0x0000000001df5000 	/System/Library/Frameworks/ServiceManagement.framework/Versions/A/ServiceManagement
0x0000000001df5000 	/usr/lib/libxslt.1.dylib
0x0000000001df5000 	/System/Library/Frameworks/Carbon.framework/Versions/A/Frameworks/Ink.framework/Versions/A/Ink
0x0000000001df5000 	/System/Library/Frameworks/QuartzCore.framework/Versions/A/Frameworks/CoreImage.framework/Versions/A/CoreImage
0x0000000001df5000 	/System/Library/PrivateFrameworks/CrashReporterSupport.framework/Versions/A/CrashReporterSupport
0x0000000001df5000 	/System/Library/Frameworks/OpenCL.framework/Versions/A/OpenCL
0x0000000001df5000 	/System/Library/PrivateFrameworks/FaceCore.framework/Versions/A/FaceCore
0x0000000001df5000 	/System/Library/PrivateFrameworks/Ubiquity.framework/Versions/A/Ubiquity
0x0000000001df5000 	/System/Library/PrivateFrameworks/IconServices.framework/Versions/A/IconServices
0x0000000001df5000 	/System/Library/PrivateFrameworks/ChunkingLibrary.framework/Versions/A/ChunkingLibrary
0x0000000001df5000 	/System/Library/PrivateFrameworks/Apple80211.framework/Versions/A/Apple80211
0x0000000001df5000 	/System/Library/Frameworks/CoreWLAN.framework/Versions/A/CoreWLAN
0x0000000001df5000 	/System/Library/Frameworks/IOBluetooth.framework/Versions/A/IOBluetooth
0x0000000001df5000 	/System/Library/PrivateFrameworks/CoreWiFi.framework/Versions/A/CoreWiFi
0x0000000001df5000 	/System/Library/Frameworks/CoreBluetooth.framework/Versions/A/CoreBluetooth
0x0000000001df5000 	/System/Library/PrivateFrameworks/DebugSymbols.framework/Versions/A/DebugSymbols
0x0000000001df5000 	/System/Library/PrivateFrameworks/CoreSymbolication.framework/Versions/A/CoreSymbolication
0x0000000001df5000 	/System/Library/PrivateFrameworks/Symbolication.framework/Versions/A/Symbolication
0x0000000001df5000 	/System/Library/PrivateFrameworks/SpeechRecognitionCore.framework/Versions/A/SpeechRecognitionCore
0x000000010e5a6000 	/Library/Java/JavaVirtualMachines/jdk1.8.0_05.jdk/Contents/Home/jre/lib/server/libjvm.dylib
0x0000000001df5000 	/usr/lib/libstdc++.6.dylib
0x000000010f580000 	/Library/Java/JavaVirtualMachines/jdk1.8.0_05.jdk/Contents/Home/jre/lib/libverify.dylib
0x000000010f58e000 	/Library/Java/JavaVirtualMachines/jdk1.8.0_05.jdk/Contents/Home/jre/lib/libjava.dylib
0x000000010f5cc000 	/Library/Java/JavaVirtualMachines/jdk1.8.0_05.jdk/Contents/Home/jre/lib/libzip.dylib
0x00000001238cf000 	/System/Library/Frameworks/JavaVM.framework/Frameworks/JavaRuntimeSupport.framework/JavaRuntimeSupport
0x000000010f5e9000 	/System/Library/Frameworks/JavaVM.framework/Versions/A/Frameworks/JavaNativeFoundation.framework/Versions/A/JavaNativeFoundation
0x00000001238e7000 	/System/Library/Frameworks/JavaVM.framework/Versions/A/JavaVM
0x0000000001df5000 	/System/Library/Frameworks/Carbon.framework/Versions/A/Carbon
0x00000001238f4000 	/System/Library/PrivateFrameworks/JavaLaunching.framework/Versions/A/JavaLaunching
0x0000000001df5000 	/System/Library/Frameworks/Carbon.framework/Versions/A/Frameworks/CommonPanels.framework/Versions/A/CommonPanels
0x0000000001df5000 	/System/Library/Frameworks/Carbon.framework/Versions/A/Frameworks/Help.framework/Versions/A/Help
0x0000000001df5000 	/System/Library/Frameworks/Carbon.framework/Versions/A/Frameworks/ImageCapture.framework/Versions/A/ImageCapture
0x0000000001df5000 	/System/Library/Frameworks/Carbon.framework/Versions/A/Frameworks/OpenScripting.framework/Versions/A/OpenScripting
0x0000000001df5000 	/System/Library/Frameworks/Carbon.framework/Versions/A/Frameworks/Print.framework/Versions/A/Print
0x0000000001df5000 	/System/Library/Frameworks/Carbon.framework/Versions/A/Frameworks/SecurityHI.framework/Versions/A/SecurityHI
0x00000001259d1000 	/Library/Java/JavaVirtualMachines/jdk1.8.0_05.jdk/Contents/Home/jre/lib/libprism_es2.dylib
0x0000000001df5000 	/System/Library/Frameworks/OpenGL.framework/Versions/A/Resources/GLEngine.bundle/GLEngine
0x0000000001df5000 	/System/Library/Frameworks/OpenGL.framework/Versions/A/Libraries/libGLProgrammability.dylib
0x0000000000000000 	/System/Library/Extensions/AppleIntelHD5000GraphicsGLDriver.bundle/Contents/MacOS/AppleIntelHD5000GraphicsGLDriver
0x0000000001df5000 	/System/Library/PrivateFrameworks/IOAccelerator.framework/Versions/A/IOAccelerator
0x0000000001df5000 	/System/Library/PrivateFrameworks/GPUSupport.framework/Versions/A/Libraries/libGPUSupportMercury.dylib
0x0000000001df5000 	/System/Library/Frameworks/OpenGL.framework/Versions/A/Resources/GLRendererFloat.bundle/GLRendererFloat
0x0000000001df5000 	/System/Library/Frameworks/OpenCL.framework/Versions/A/Libraries/libcldcpuengine.dylib
0x0000000001df5000 	/System/Library/PrivateFrameworks/DiskImages.framework/Versions/A/DiskImages
0x0000000001df5000 	/System/Library/Frameworks/DiscRecording.framework/Versions/A/DiscRecording
0x0000000001df5000 	/usr/lib/libcsfde.dylib
0x0000000001df5000 	/usr/lib/libcurl.4.dylib
0x0000000001df5000 	/System/Library/PrivateFrameworks/MediaKit.framework/Versions/A/MediaKit
0x0000000001df5000 	/System/Library/PrivateFrameworks/ProtectedCloudStorage.framework/Versions/A/ProtectedCloudStorage
0x0000000001df5000 	/usr/lib/libCoreStorage.dylib
0x0000000001df5000 	/System/Library/PrivateFrameworks/EFILogin.framework/Versions/A/EFILogin
0x0000000001df5000 	/usr/lib/libutil.dylib
0x0000000001df5000 	/System/Library/PrivateFrameworks/FindMyDevice.framework/Versions/A/FindMyDevice
0x0000000001df5000 	/System/Library/Frameworks/LDAP.framework/Versions/A/LDAP
0x0000000001df5000 	/usr/lib/libsasl2.2.dylib
0x0000000001df5000 	/System/Library/PrivateFrameworks/CoreDaemon.framework/Versions/B/CoreDaemon
0x0000000001df5000 	/usr/lib/libcrypto.0.9.8.dylib
0x0000000001df5000 	/System/Library/PrivateFrameworks/AppleSRP.framework/Versions/A/AppleSRP
0x0000000001df5000 	/System/Library/PrivateFrameworks/TrustEvaluationAgent.framework/Versions/A/TrustEvaluationAgent
0x0000000125e82000 	/Library/Java/JavaVirtualMachines/jdk1.8.0_05.jdk/Contents/Home/jre/lib/libglass.dylib
0x0000000001df5000 	/System/Library/PrivateFrameworks/CoreServicesInternal.framework/Versions/A/CoreServicesInternal
0x0000000001df5000 	/System/Library/PrivateFrameworks/CloudDocs.framework/Versions/A/CloudDocs
0x0000000001df5000 	/System/Library/PrivateFrameworks/CoreDuet.framework/Versions/A/CoreDuet
0x0000000001df5000 	/System/Library/Frameworks/CloudKit.framework/Versions/A/CloudKit
0x0000000001df5000 	/System/Library/PrivateFrameworks/ProtocolBuffer.framework/Versions/A/ProtocolBuffer
0x0000000001df5000 	/System/Library/PrivateFrameworks/CoreDuetDaemonProtocol.framework/Versions/A/CoreDuetDaemonProtocol
0x0000000001df5000 	/System/Library/PrivateFrameworks/CoreDuetDebugLogging.framework/Versions/A/CoreDuetDebugLogging
0x0000000001df5000 	/System/Library/PrivateFrameworks/MMCS.framework/Versions/A/MMCS
0x0000000001df5000 	/System/Library/Frameworks/CoreLocation.framework/Versions/A/CoreLocation
0x0000000001df5000 	/System/Library/PrivateFrameworks/GeoServices.framework/Versions/A/GeoServices
0x0000000001df5000 	/System/Library/Frameworks/CoreGraphics.framework/Versions/A/Resources/libCGCMS.A.dylib
0x0000000001df5000 	/System/Library/CoreServices/RawCamera.bundle/Contents/MacOS/RawCamera
0x0000000001df5000 	/System/Library/Frameworks/CoreGraphics.framework/Versions/A/Resources/libRIP.A.dylib
0x0000000001df5000 	/System/Library/PrivateFrameworks/FamilyControls.framework/Versions/A/FamilyControls
0x0000000001df5000 	/System/Library/PrivateFrameworks/CommerceKit.framework/Versions/A/Frameworks/CommerceCore.framework/Versions/A/CommerceCore
0x0000000001df5000 	/System/Library/PrivateFrameworks/SystemAdministration.framework/Versions/A/SystemAdministration
0x0000000001df5000 	/System/Library/PrivateFrameworks/AppContainer.framework/Versions/A/AppContainer
0x0000000001df5000 	/System/Library/PrivateFrameworks/SecCodeWrapper.framework/Versions/A/SecCodeWrapper
0x0000000001df5000 	/System/Library/Frameworks/DirectoryService.framework/Versions/A/DirectoryService
0x0000000001df5000 	/System/Library/PrivateFrameworks/LoginUIKit.framework/Versions/A/Frameworks/LoginUICore.framework/Versions/A/LoginUICore
0x0000000001df5000 	/usr/lib/libodfde.dylib
0x000000012965f000 	/Library/Java/JavaVirtualMachines/jdk1.8.0_05.jdk/Contents/Home/jre/lib/libjfxwebkit.dylib
0x000000012b709000 	/Library/Java/JavaVirtualMachines/jdk1.8.0_05.jdk/Contents/Home/jre/lib/libnio.dylib
0x000000012b718000 	/Library/Java/JavaVirtualMachines/jdk1.8.0_05.jdk/Contents/Home/jre/lib/./libnet.dylib
0x000000012bfb7000 	/Library/Java/JavaVirtualMachines/jdk1.8.0_05.jdk/Contents/Home/jre/lib/libjavafx_font.dylib
0x0000000001df5000 	/System/Library/Frameworks/CoreGraphics.framework/Versions/A/Resources/libCGXType.A.dylib
0x000000012dd39000 	cl_kernels
0x000000012dd3b000 	/System/Library/Frameworks/OpenCL.framework/Versions/A/Libraries/ImageFormats/unorm8_bgra.dylib
0x000000012dd2c000 	cl_kernels
0x000000012781f000 	/Library/Java/JavaVirtualMachines/jdk1.8.0_05.jdk/Contents/Home/jre/lib/libprism_common.dylib
0x000000012e7ce000 	/Library/Java/JavaVirtualMachines/jdk1.8.0_05.jdk/Contents/Home/jre/lib/libjavafx_iio.dylib
0x00000001328b0000 	/Library/Java/JavaVirtualMachines/jdk1.8.0_05.jdk/Contents/Home/jre/lib/libsunec.dylib
0x0000000001df5000 	/System/Library/Frameworks/ApplicationServices.framework/Versions/A/Frameworks/ATS.framework/Versions/A/Resources/libTrueTypeScaler.dylib
0x0000000137ba2000 	/Library/Java/JavaVirtualMachines/jdk1.8.0_05.jdk/Contents/Home/jre/lib/libawt.dylib
0x0000000138dac000 	/Library/Java/JavaVirtualMachines/jdk1.8.0_05.jdk/Contents/Home/jre/lib/./libmlib_image.dylib
0x0000000138e78000 	/Library/Java/JavaVirtualMachines/jdk1.8.0_05.jdk/Contents/Home/jre/lib/libawt_lwawt.dylib
0x000000012eb12000 	/Library/Java/JavaVirtualMachines/jdk1.8.0_05.jdk/Contents/Home/jre/lib/./libosxapp.dylib
0x0000000001df5000 	/System/Library/Frameworks/ExceptionHandling.framework/Versions/A/ExceptionHandling

VM Arguments:
jvm_args: -Dfile.encoding=UTF-8 
java_command: /Users/simonkenny/NetBeansProjects/WeatherWebWander/dist/run1757326459/WeatherWebWander.jar
java_class_path (initial): /Users/simonkenny/NetBeansProjects/WeatherWebWander/dist/run1757326459/WeatherWebWander.jar
Launcher Type: SUN_STANDARD

Environment Variables:
PATH=/usr/bin:/bin:/usr/sbin:/sbin
LD_LIBRARY_PATH=/Library/Java/JavaVirtualMachines/jdk1.8.0_05.jdk/Contents/Home/jre/lib/amd64:/Library/Java/JavaVirtualMachines/jdk1.8.0_05.jdk/Contents/Home/jre/lib/i386:
SHELL=/bin/bash
DISPLAY=/private/tmp/com.apple.launchd.yCgUo3Om9J/org.macosforge.xquartz:0
DYLD_LIBRARY_PATH=/Applications/NetBeans/NetBeans 8.0.app/Contents/Resources/NetBeans/webcommon/bin:

Signal Handlers:
SIGSEGV: [libjvm.dylib+0x55f7df], sa_mask[0]=0xfffefeff, sa_flags=0x00000043
SIGBUS: [libjvm.dylib+0x55f7df], sa_mask[0]=0xfffefeff, sa_flags=0x00000042
SIGFPE: [libjvm.dylib+0x442cfa], sa_mask[0]=0xfffefeff, sa_flags=0x00000042
SIGPIPE: [libjvm.dylib+0x442cfa], sa_mask[0]=0xfffefeff, sa_flags=0x00000042
SIGXFSZ: [libjvm.dylib+0x442cfa], sa_mask[0]=0xfffefeff, sa_flags=0x00000042
SIGILL: [libjvm.dylib+0x442cfa], sa_mask[0]=0xfffefeff, sa_flags=0x00000042
SIGUSR1: SIG_DFL, sa_mask[0]=0x00000000, sa_flags=0x00000000
SIGUSR2: [libjvm.dylib+0x442818], sa_mask[0]=0x00000004, sa_flags=0x00000042
SIGHUP: [libjvm.dylib+0x440ba5], sa_mask[0]=0xfffefeff, sa_flags=0x00000042
SIGINT: SIG_IGN, sa_mask[0]=0x00000000, sa_flags=0x00000000
SIGTERM: [libjvm.dylib+0x440ba5], sa_mask[0]=0xfffefeff, sa_flags=0x00000042
SIGQUIT: [libjvm.dylib+0x440ba5], sa_mask[0]=0xfffefeff, sa_flags=0x00000042


---------------  S Y S T E M  ---------------

OS:Bsduname:Darwin 14.3.0 Darwin Kernel Version 14.3.0: Mon Mar 23 11:59:05 PDT 2015; root:xnu-2782.20.48~5/RELEASE_X86_64 x86_64
rlimit: STACK 8192k, CORE 0k, NPROC 709, NOFILE 10240, AS infinity
load average:1.63 1.85 1.69

CPU:total 4 (2 cores per cpu, 2 threads per core) family 6 model 69 stepping 1, cmov, cx8, fxsr, mmx, sse, sse2, sse3, ssse3, sse4.1, sse4.2, popcnt, avx, avx2, aes, clmul, erms, ht, tsc, tscinvbit

Memory: 4k page, physical 4194304k(22472k free)

/proc/meminfo:


vm_info: Java HotSpot(TM) 64-Bit Server VM (25.5-b02) for bsd-amd64 JRE (1.8.0_05-b13), built on Mar 18 2014 00:36:13 by "java_re" with gcc 4.2.1 (Based on Apple Inc. build 5658) (LLVM build 2336.11.00)

time: Sun Jun 21 19:25:07 2015
elapsed time: 290 seconds

